Determining if the pthread_create exist failed with the following output:
Change Dir: /home/siddvader333/Desktop/graphics/assignment_4/computer-graphics-bounding-volume-hierarchy/build-release/CMakeFiles/CMakeTmp

Run Build Command:"/usr/bin/make" "cmTC_7f3c9/fast"
/usr/bin/make -f CMakeFiles/cmTC_7f3c9.dir/build.make CMakeFiles/cmTC_7f3c9.dir/build
make[1]: Entering directory '/home/siddvader333/Desktop/graphics/assignment_4/computer-graphics-bounding-volume-hierarchy/build-release/CMakeFiles/CMakeTmp'
Building C object CMakeFiles/cmTC_7f3c9.dir/CheckSymbolExists.c.o
/usr/bin/cc    -fPIC    -o CMakeFiles/cmTC_7f3c9.dir/CheckSymbolExists.c.o   -c /home/siddvader333/Desktop/graphics/assignment_4/computer-graphics-bounding-volume-hierarchy/build-release/CMakeFiles/CMakeTmp/CheckSymbolExists.c
Linking C executable cmTC_7f3c9
/usr/bin/cmake -E cmake_link_script CMakeFiles/cmTC_7f3c9.dir/link.txt --verbose=1
/usr/bin/cc   -fPIC     CMakeFiles/cmTC_7f3c9.dir/CheckSymbolExists.c.o  -o cmTC_7f3c9 -rdynamic 
CMakeFiles/cmTC_7f3c9.dir/CheckSymbolExists.c.o: In function `main':
CheckSymbolExists.c:(.text+0x1b): undefined reference to `pthread_create'
collect2: error: ld returned 1 exit status
CMakeFiles/cmTC_7f3c9.dir/build.make:97: recipe for target 'cmTC_7f3c9' failed
make[1]: *** [cmTC_7f3c9] Error 1
make[1]: Leaving directory '/home/siddvader333/Desktop/graphics/assignment_4/computer-graphics-bounding-volume-hierarchy/build-release/CMakeFiles/CMakeTmp'
Makefile:126: recipe for target 'cmTC_7f3c9/fast' failed
make: *** [cmTC_7f3c9/fast] Error 2

File /home/siddvader333/Desktop/graphics/assignment_4/computer-graphics-bounding-volume-hierarchy/build-release/CMakeFiles/CMakeTmp/CheckSymbolExists.c:
/* */
#include <pthread.h>

int main(int argc, char** argv)
{
  (void)argv;
#ifndef pthread_create
  return ((int*)(&pthread_create))[argc];
#else
  (void)argc;
  return 0;
#endif
}

Determining if the function pthread_create exists in the pthreads failed with the following output:
Change Dir: /home/siddvader333/Desktop/graphics/assignment_4/computer-graphics-bounding-volume-hierarchy/build-release/CMakeFiles/CMakeTmp

Run Build Command:"/usr/bin/make" "cmTC_049b6/fast"
/usr/bin/make -f CMakeFiles/cmTC_049b6.dir/build.make CMakeFiles/cmTC_049b6.dir/build
make[1]: Entering directory '/home/siddvader333/Desktop/graphics/assignment_4/computer-graphics-bounding-volume-hierarchy/build-release/CMakeFiles/CMakeTmp'
Building C object CMakeFiles/cmTC_049b6.dir/CheckFunctionExists.c.o
/usr/bin/cc    -fPIC -DCHECK_FUNCTION_EXISTS=pthread_create   -o CMakeFiles/cmTC_049b6.dir/CheckFunctionExists.c.o   -c /usr/share/cmake-3.5/Modules/CheckFunctionExists.c
Linking C executable cmTC_049b6
/usr/bin/cmake -E cmake_link_script CMakeFiles/cmTC_049b6.dir/link.txt --verbose=1
/usr/bin/cc   -fPIC -DCHECK_FUNCTION_EXISTS=pthread_create    CMakeFiles/cmTC_049b6.dir/CheckFunctionExists.c.o  -o cmTC_049b6 -rdynamic -lpthreads 
/usr/bin/ld: cannot find -lpthreads
collect2: error: ld returned 1 exit status
CMakeFiles/cmTC_049b6.dir/build.make:97: recipe for target 'cmTC_049b6' failed
make[1]: *** [cmTC_049b6] Error 1
make[1]: Leaving directory '/home/siddvader333/Desktop/graphics/assignment_4/computer-graphics-bounding-volume-hierarchy/build-release/CMakeFiles/CMakeTmp'
Makefile:126: recipe for target 'cmTC_049b6/fast' failed
make: *** [cmTC_049b6/fast] Error 2


